<html>
<head>
<title>TestNG:  Test</title>
<link href="../testng.css" rel="stylesheet" type="text/css" />
<link href="../my-testng.css" rel="stylesheet" type="text/css" />

<style type="text/css">
.log { display: none;} 
.stack-trace { display: none;} 
</style>
<script type="text/javascript">
<!--
function flip(e) {
  current = e.style.display;
  if (current == 'block') {
    e.style.display = 'none';
    return 0;
  }
  else {
    e.style.display = 'block';
    return 1;
  }
}

function toggleBox(szDivId, elem, msg1, msg2)
{
  var res = -1;  if (document.getElementById) {
    res = flip(document.getElementById(szDivId));
  }
  else if (document.all) {
    // this is the way old msie versions work
    res = flip(document.all[szDivId]);
  }
  if(elem) {
    if(res == 0) elem.innerHTML = msg1; else elem.innerHTML = msg2;
  }

}

function toggleAllBoxes() {
  if (document.getElementsByTagName) {
    d = document.getElementsByTagName('div');
    for (i = 0; i < d.length; i++) {
      if (d[i].className == 'log') {
        flip(d[i]);
      }
    }
  }
}

// -->
</script>

</head>
<body>
<h2 align='center'>Test</h2><table border='1' align="center">
<tr>
<td>Tests passed/Failed/Skipped:</td><td>0/1/0</td>
</tr><tr>
<td>Started on:</td><td>Tue May 21 04:25:46 PKT 2019</td>
</tr>
<tr><td>Total time:</td><td>69 seconds (69144 ms)</td>
</tr><tr>
<td>Included groups:</td><td></td>
</tr><tr>
<td>Excluded groups:</td><td></td>
</tr>
</table><p/>
<small><i>(Hover the method name to see the test class name)</i></small><p/>
<table width='100%' border='1' class='invocation-failed'>
<tr><td colspan='4' align='center'><b>FAILED TESTS</b></td></tr>
<tr><td><b>Test method</b></td>
<td width="30%"><b>Exception</b></td>
<td width="10%"><b>Time (seconds)</b></td>
<td><b>Instance</b></td>
</tr>
<tr>
<td title='com.testautomation.TestRunner.TestRunner.runScenario()'><b>runScenario</b><br>Test class: com.testautomation.TestRunner.TestRunner<br>Test method: Runs Cucumber Scenarios<br>Parameters: "Flight Search possitive scenario", "Search Flight"</td>
<td><div><pre>org.openqa.selenium.NoSuchSessionException: Session ID is null. Using WebDriver after calling quit()?
Build info: version: &apos;3.11.0&apos;, revision: &apos;e59cfb3&apos;, time: &apos;2018-03-11T20:26:55.152Z&apos;
System info: host: &apos;HMZ&apos;, ip: &apos;fe80:0:0:0:6f:d91d:de7c:4a4f%en0&apos;, os.name: &apos;Mac OS X&apos;, os.arch: &apos;x86_64&apos;, os.version: &apos;10.14.4&apos;, java.version: &apos;1.8.0_131&apos;
Driver info: driver.version: RemoteWebDriver
	at org.openqa.selenium.remote.HttpCommandExecutor.execute(HttpCommandExecutor.java:125)
	at org.openqa.selenium.remote.service.DriverCommandExecutor.execute(DriverCommandExecutor.java:83)
	at org.openqa.selenium.remote.RemoteWebDriver.execute(RemoteWebDriver.java:545)
	at org.openqa.selenium.remote.RemoteWebDriver.execute(RemoteWebDriver.java:602)
	at org.openqa.selenium.remote.RemoteWebDriver.getScreenshotAs(RemoteWebDriver.java:291)
	at com.testautomation.utility.CommonFunctions.captureScreenShot(CommonFunctions.java:95)
	at com.testautomation.listeners.ExtentReportListener.testStepHandle(ExtentReportListener.java:57)
	at com.testautomation.StepDef.FlightSearchStepDef.enter_Details_of_First_Passenger(FlightSearchStepDef.java:262)
	at ✽.Enter Details of First Passenger &quot;Mr.&quot; &quot;Hamza&quot; &quot;Sheikh&quot; &quot;Sohail&quot; &quot;Ms.&quot; &quot;Sheikh&quot; &quot;Muhammad&quot; &quot;Ramdan&quot; &quot;myemail@hotmail.com&quot; &quot;80788865&quot;(./features/FlightSearch.feature:17)
</pre></div><a href='#' onClick='toggleBox("stack-trace1479909053", this, "Click to show all stack frames", "Click to hide stack frames")'>Click to show all stack frames</a>
<div class='stack-trace' id='stack-trace1479909053'><pre>org.openqa.selenium.NoSuchSessionException: Session ID is null. Using WebDriver after calling quit()?
Build info: version: &apos;3.11.0&apos;, revision: &apos;e59cfb3&apos;, time: &apos;2018-03-11T20:26:55.152Z&apos;
System info: host: &apos;HMZ&apos;, ip: &apos;fe80:0:0:0:6f:d91d:de7c:4a4f%en0&apos;, os.name: &apos;Mac OS X&apos;, os.arch: &apos;x86_64&apos;, os.version: &apos;10.14.4&apos;, java.version: &apos;1.8.0_131&apos;
Driver info: driver.version: RemoteWebDriver
	at org.openqa.selenium.remote.HttpCommandExecutor.execute(HttpCommandExecutor.java:125)
	at org.openqa.selenium.remote.service.DriverCommandExecutor.execute(DriverCommandExecutor.java:83)
	at org.openqa.selenium.remote.RemoteWebDriver.execute(RemoteWebDriver.java:545)
	at org.openqa.selenium.remote.RemoteWebDriver.execute(RemoteWebDriver.java:602)
	at org.openqa.selenium.remote.RemoteWebDriver.getScreenshotAs(RemoteWebDriver.java:291)
	at com.testautomation.utility.CommonFunctions.captureScreenShot(CommonFunctions.java:95)
	at com.testautomation.listeners.ExtentReportListener.testStepHandle(ExtentReportListener.java:57)
	at com.testautomation.StepDef.FlightSearchStepDef.enter_Details_of_First_Passenger(FlightSearchStepDef.java:262)
	at ✽.Enter Details of First Passenger &quot;Mr.&quot; &quot;Hamza&quot; &quot;Sheikh&quot; &quot;Sohail&quot; &quot;Ms.&quot; &quot;Sheikh&quot; &quot;Muhammad&quot; &quot;Ramdan&quot; &quot;myemail@hotmail.com&quot; &quot;80788865&quot;(./features/FlightSearch.feature:17)
</pre></div></td>
<td>68</td>
<td>com.testautomation.TestRunner.TestRunner@394e1a0f</td></tr>
</table><p>
</body>
</html>